<?xml version="1.0" encoding="UTF-8"?>
<!-- Generated by org.testng.reporters.JUnitReportReporter -->
<testsuite hostname="Admin-PC" name="TestNG.FacSimpleTest" tests="4" failures="0" timestamp="24 Dec 2016 16:03:57 GMT" time="0.270" errors="0">
  <testcase name="tm2" time="0.007" classname="TestNG.FacSimpleTest"/>
  <testcase name="tm2" time="0.003" classname="TestNG.FacSimpleTest"/>
  <testcase name="tm1" time="0.258" classname="TestNG.FacSimpleTest"/>
  <testcase name="tm1" time="0.002" classname="TestNG.FacSimpleTest"/>
</testsuite> <!-- TestNG.FacSimpleTest -->
