<?xml version="1.0" encoding="UTF-8"?>
<!-- Generated by org.testng.reporters.JUnitReportReporter -->
<testsuite hostname="Admin-PC" name="TestNG.PropertyFile_ex" tests="2" failures="0" timestamp="7 Mar 2016 11:58:13 GMT" time="42.216" errors="0">
  <testcase name="InvokeBrowser" time="33.779" classname="TestNG.PropertyFile_ex"/>
  <testcase name="login" time="8.437" classname="TestNG.PropertyFile_ex"/>
</testsuite> <!-- TestNG.PropertyFile_ex -->
