<?xml version="1.0" encoding="UTF-8"?>
<!-- Generated by org.testng.reporters.JUnitReportReporter -->
<testsuite hostname="Admin-PC" name="TestNG.GroupTest" tests="4" failures="0" timestamp="4 Dec 2016 08:42:07 GMT" time="0.175" errors="0">
  <testcase name="HondAccord" time="0.002" classname="TestNG.GroupTest"/>
  <testcase name="BMW3Series" time="0.002" classname="TestNG.GroupTest"/>
  <testcase name="BMWX3" time="0.002" classname="TestNG.GroupTest"/>
  <testcase name="AudiA6" time="0.169" classname="TestNG.GroupTest"/>
</testsuite> <!-- TestNG.GroupTest -->
