<?xml version="1.0" encoding="UTF-8"?>
<!-- Generated by org.testng.reporters.JUnitReportReporter -->
<testsuite hostname="Admin-PC" name="Webdriver_ex.DataProviderTest" tests="2" failures="0" timestamp="4 Dec 2016 08:06:41 GMT" time="107.465" errors="0">
  <testcase name="loginTest" time="71.217" classname="Webdriver_ex.DataProviderTest"/>
  <testcase name="loginTest" time="36.248" classname="Webdriver_ex.DataProviderTest"/>
</testsuite> <!-- Webdriver_ex.DataProviderTest -->
